<?xml version="1.0" encoding="UTF-8"?>
<testng-results ignored="0" total="1" passed="1" failed="0" skipped="0">
  <reporter-output>
  </reporter-output>
  <suite started-at="2023-11-23T09:39:24Z" name="Surefire suite" finished-at="2023-11-23T09:39:24Z" duration-ms="120">
    <groups>
    </groups>
    <test started-at="2023-11-23T09:39:24Z" name="Surefire test" finished-at="2023-11-23T09:39:24Z" duration-ms="120">
      <class name="testing.servertest.AppTest">
        <test-method signature="shouldAnswerWithTrue()" started-at="2023-11-23T15:09:24Z" name="shouldAnswerWithTrue" finished-at="2023-11-23T15:09:24Z" duration-ms="24" status="PASS">
          <reporter-output>
          </reporter-output>
        </test-method> <!-- shouldAnswerWithTrue -->
      </class> <!-- testing.servertest.AppTest -->
    </test> <!-- Surefire test -->
  </suite> <!-- Surefire suite -->
</testng-results>
